<?xml version="1.0" encoding="UTF-8"?>
<!-- Generated by org.testng.reporters.JUnitReportReporter -->
<testsuite hostname="DESKTOP-TIMMDPM" failures="0" tests="2" name="TestNG.Login_TestNG" time="8.963" errors="0" timestamp="2024-04-17T11:51:25 IST" skipped="0">
  <testcase classname="TestNG.Login_TestNG" name="test1" time="4.712"/>
  <testcase classname="TestNG.Login_TestNG" name="test" time="4.251"/>
</testsuite> <!-- TestNG.Login_TestNG -->
