<?xml version="1.0" encoding="UTF-8"?>
<!-- Generated by org.testng.reporters.JUnitReportReporter -->
<testsuite hostname="DESKTOP-TIMMDPM" failures="0" tests="2" name="TestNG.TestNG_1" time="12.497" errors="0" timestamp="2024-04-17T11:48:37 IST" skipped="0">
  <testcase classname="TestNG.TestNG_1" name="test2" time="4.137"/>
  <testcase classname="TestNG.TestNG_1" name="test1" time="8.360"/>
</testsuite> <!-- TestNG.TestNG_1 -->
