<?xml version="1.0" encoding="UTF-8"?>
<!-- Generated by org.testng.reporters.JUnitReportReporter -->
<testsuite hostname="DESKTOP-TIMMDPM" failures="0" tests="4" name="TestNG_Keywords.Enabled_false" time="0.259" errors="0" timestamp="2024-04-22T14:55:43 IST" skipped="1">
  <testcase classname="TestNG_Keywords.Enabled_false" name="test1" time="0.178"/>
  <testcase classname="TestNG_Keywords.Enabled_false" name="test3" time="0.037"/>
  <testcase classname="TestNG_Keywords.Enabled_false" name="test2" time="0.044"/>
  <testcase classname="TestNG_Keywords.Enabled_false" name="test">
    <skipped/>
  </testcase> <!-- test -->
</testsuite> <!-- TestNG_Keywords.Enabled_false -->
