<?xml version="1.0" encoding="UTF-8"?>
<!-- Generated by org.testng.reporters.JUnitReportReporter -->
<testsuite hostname="DESKTOP-TIMMDPM" failures="0" tests="4" name="TestNG_Keywords.Keywords_dependsOnMethods" time="0.126" errors="0" timestamp="2024-04-17T13:15:19 IST" skipped="0">
  <testcase classname="TestNG_Keywords.Keywords_dependsOnMethods" name="test1" time="0.035"/>
  <testcase classname="TestNG_Keywords.Keywords_dependsOnMethods" name="test" time="0.030"/>
  <testcase classname="TestNG_Keywords.Keywords_dependsOnMethods" name="test3" time="0.035"/>
  <testcase classname="TestNG_Keywords.Keywords_dependsOnMethods" name="test2" time="0.026"/>
</testsuite> <!-- TestNG_Keywords.Keywords_dependsOnMethods -->
