<?xml version="1.0" encoding="UTF-8"?>
<!-- Generated by org.testng.reporters.JUnitReportReporter -->
<testsuite hostname="DESKTOP-TIMMDPM" failures="0" tests="2" name="Test.TestNG" time="0.090" errors="0" timestamp="2024-04-15T14:10:20 IST" skipped="0">
  <testcase classname="Test.TestNG" name="test" time="0.070"/>
  <testcase classname="Test.TestNG" name="test1" time="0.020"/>
</testsuite> <!-- Test.TestNG -->
