<?xml version="1.0" encoding="UTF-8"?>
<!-- Generated by org.testng.reporters.JUnitReportReporter -->
<testsuite hostname="DESKTOP-TIMMDPM" failures="0" tests="6" name="TestNG_Keywords.Keyword_invocationCount" time="0.114" errors="0" timestamp="2024-04-17T13:11:44 IST" skipped="0">
  <testcase classname="TestNG_Keywords.Keyword_invocationCount" name="test1" time="0.030"/>
  <testcase classname="TestNG_Keywords.Keyword_invocationCount" name="test" time="0.019"/>
  <testcase classname="TestNG_Keywords.Keyword_invocationCount" name="test" time="0.014"/>
  <testcase classname="TestNG_Keywords.Keyword_invocationCount" name="test" time="0.015"/>
  <testcase classname="TestNG_Keywords.Keyword_invocationCount" name="test3" time="0.010"/>
  <testcase classname="TestNG_Keywords.Keyword_invocationCount" name="test2" time="0.026"/>
</testsuite> <!-- TestNG_Keywords.Keyword_invocationCount -->
