<?xml version="1.0" encoding="UTF-8"?>
<!-- Generated by org.testng.reporters.JUnitReportReporter -->
<testsuite hostname="DESKTOP-TIMMDPM" failures="0" tests="4" name="TestNG_Keywords.Keyword_priority" time="0.123" errors="0" timestamp="2024-04-17T12:38:12 IST" skipped="0">
  <testcase classname="TestNG_Keywords.Keyword_priority" name="test1" time="0.046"/>
  <testcase classname="TestNG_Keywords.Keyword_priority" name="test" time="0.032"/>
  <testcase classname="TestNG_Keywords.Keyword_priority" name="test3" time="0.028"/>
  <testcase classname="TestNG_Keywords.Keyword_priority" name="test2" time="0.017"/>
</testsuite> <!-- TestNG_Keywords.Keyword_priority -->
