<?xml version="1.0" encoding="UTF-8"?>
<!-- Generated by org.testng.reporters.JUnitReportReporter -->
<testsuite hostname="DESKTOP-TIMMDPM" failures="0" tests="6" name="TestNG.TestNG_ForgotPassword" time="163.157" errors="0" timestamp="2024-04-27T20:50:49 IST" skipped="0">
  <testcase classname="TestNG.TestNG_ForgotPassword" name="test2" time="31.524"/>
  <testcase classname="TestNG.TestNG_ForgotPassword" name="test1" time="47.942"/>
  <testcase classname="TestNG.TestNG_ForgotPassword" name="test1" time="6.211"/>
  <testcase classname="TestNG.TestNG_ForgotPassword" name="test2" time="14.889"/>
  <testcase classname="TestNG.TestNG_ForgotPassword" name="test1" time="22.032"/>
  <testcase classname="TestNG.TestNG_ForgotPassword" name="test2" time="40.559"/>
</testsuite> <!-- TestNG.TestNG_ForgotPassword -->
